<?xml version="1.0" encoding="UTF-8"?>
<testng-results skipped="0" failed="2" ignored="0" total="9" passed="7">
  <reporter-output>
  </reporter-output>
  <suite name="Default suite" duration-ms="726902" started-at="2018-04-17T11:32:02Z" finished-at="2018-04-17T11:44:09Z">
    <groups>
      <group name="Compose">
        <method signature="DashboardpageTest.composeTest()[pri:2, instance:com.SB.qa.testcases.DashboardpageTest@6093dd95]" name="composeTest" class="com.SB.qa.testcases.DashboardpageTest"/>
      </group> <!-- Compose -->
      <group name="AddingAccount">
        <method signature="DashboardpageTest.AddinFBpagesTest()[pri:4, instance:com.SB.qa.testcases.DashboardpageTest@6093dd95]" name="AddinFBpagesTest" class="com.SB.qa.testcases.DashboardpageTest"/>
        <method signature="DashboardpageTest.AddingGplusprofileTest()[pri:6, instance:com.SB.qa.testcases.DashboardpageTest@6093dd95]" name="AddingGplusprofileTest" class="com.SB.qa.testcases.DashboardpageTest"/>
        <method signature="DashboardpageTest.AddingInstaprofileTest()[pri:7, instance:com.SB.qa.testcases.DashboardpageTest@6093dd95]" name="AddingInstaprofileTest" class="com.SB.qa.testcases.DashboardpageTest"/>
        <method signature="DashboardpageTest.AddingLinkedinprofileTest()[pri:8, instance:com.SB.qa.testcases.DashboardpageTest@6093dd95]" name="AddingLinkedinprofileTest" class="com.SB.qa.testcases.DashboardpageTest"/>
        <method signature="DashboardpageTest.AddingTWtprofileTest()[pri:5, instance:com.SB.qa.testcases.DashboardpageTest@6093dd95]" name="AddingTWtprofileTest" class="com.SB.qa.testcases.DashboardpageTest"/>
        <method signature="DashboardpageTest.AddingYouTubechannelTest()[pri:9, instance:com.SB.qa.testcases.DashboardpageTest@6093dd95]" name="AddingYouTubechannelTest" class="com.SB.qa.testcases.DashboardpageTest"/>
        <method signature="DashboardpageTest.AddingfbprofileTest()[pri:3, instance:com.SB.qa.testcases.DashboardpageTest@6093dd95]" name="AddingfbprofileTest" class="com.SB.qa.testcases.DashboardpageTest"/>
      </group> <!-- AddingAccount -->
      <group name="Dashboard">
        <method signature="DashboardpageTest.dashboardpagetitleTest()[pri:1, instance:com.SB.qa.testcases.DashboardpageTest@6093dd95]" name="dashboardpagetitleTest" class="com.SB.qa.testcases.DashboardpageTest"/>
      </group> <!-- Dashboard -->
    </groups>
    <test name="Default test" duration-ms="726902" started-at="2018-04-17T11:32:02Z" finished-at="2018-04-17T11:44:09Z">
      <class name="com.SB.qa.testcases.DashboardpageTest">
        <test-method status="PASS" signature="setup()[pri:0, instance:com.SB.qa.testcases.DashboardpageTest@6093dd95]" name="setup" is-config="true" duration-ms="22785" started-at="2018-04-17T17:02:02Z" finished-at="2018-04-17T17:02:25Z">
          <reporter-output>
          </reporter-output>
        </test-method> <!-- setup -->
        <test-method status="PASS" signature="dashboardpagetitleTest()[pri:1, instance:com.SB.qa.testcases.DashboardpageTest@6093dd95]" name="dashboardpagetitleTest" duration-ms="21050" started-at="2018-04-17T17:02:25Z" finished-at="2018-04-17T17:02:46Z">
          <reporter-output>
          </reporter-output>
        </test-method> <!-- dashboardpagetitleTest -->
        <test-method status="PASS" signature="tearDown()[pri:0, instance:com.SB.qa.testcases.DashboardpageTest@6093dd95]" name="tearDown" is-config="true" duration-ms="784" started-at="2018-04-17T17:02:46Z" finished-at="2018-04-17T17:02:47Z">
          <reporter-output>
          </reporter-output>
        </test-method> <!-- tearDown -->
        <test-method status="PASS" signature="setup()[pri:0, instance:com.SB.qa.testcases.DashboardpageTest@6093dd95]" name="setup" is-config="true" duration-ms="20212" started-at="2018-04-17T17:02:47Z" finished-at="2018-04-17T17:03:07Z">
          <reporter-output>
          </reporter-output>
        </test-method> <!-- setup -->
        <test-method status="PASS" signature="composeTest()[pri:2, instance:com.SB.qa.testcases.DashboardpageTest@6093dd95]" name="composeTest" duration-ms="47420" started-at="2018-04-17T17:03:07Z" finished-at="2018-04-17T17:03:55Z">
          <reporter-output>
          </reporter-output>
        </test-method> <!-- composeTest -->
        <test-method status="PASS" signature="tearDown()[pri:0, instance:com.SB.qa.testcases.DashboardpageTest@6093dd95]" name="tearDown" is-config="true" duration-ms="703" started-at="2018-04-17T17:03:55Z" finished-at="2018-04-17T17:03:55Z">
          <reporter-output>
          </reporter-output>
        </test-method> <!-- tearDown -->
        <test-method status="PASS" signature="setup()[pri:0, instance:com.SB.qa.testcases.DashboardpageTest@6093dd95]" name="setup" is-config="true" duration-ms="18746" started-at="2018-04-17T17:03:55Z" finished-at="2018-04-17T17:04:14Z">
          <reporter-output>
          </reporter-output>
        </test-method> <!-- setup -->
        <test-method status="PASS" signature="AddingfbprofileTest()[pri:3, instance:com.SB.qa.testcases.DashboardpageTest@6093dd95]" name="AddingfbprofileTest" duration-ms="73677" started-at="2018-04-17T17:04:14Z" finished-at="2018-04-17T17:05:28Z">
          <reporter-output>
          </reporter-output>
        </test-method> <!-- AddingfbprofileTest -->
        <test-method status="PASS" signature="tearDown()[pri:0, instance:com.SB.qa.testcases.DashboardpageTest@6093dd95]" name="tearDown" is-config="true" duration-ms="690" started-at="2018-04-17T17:05:28Z" finished-at="2018-04-17T17:05:28Z">
          <reporter-output>
          </reporter-output>
        </test-method> <!-- tearDown -->
        <test-method status="PASS" signature="setup()[pri:0, instance:com.SB.qa.testcases.DashboardpageTest@6093dd95]" name="setup" is-config="true" duration-ms="19811" started-at="2018-04-17T17:05:28Z" finished-at="2018-04-17T17:05:48Z">
          <reporter-output>
          </reporter-output>
        </test-method> <!-- setup -->
        <test-method status="PASS" signature="AddinFBpagesTest()[pri:4, instance:com.SB.qa.testcases.DashboardpageTest@6093dd95]" name="AddinFBpagesTest" duration-ms="67238" started-at="2018-04-17T17:05:48Z" finished-at="2018-04-17T17:06:56Z">
          <reporter-output>
          </reporter-output>
        </test-method> <!-- AddinFBpagesTest -->
        <test-method status="PASS" signature="tearDown()[pri:0, instance:com.SB.qa.testcases.DashboardpageTest@6093dd95]" name="tearDown" is-config="true" duration-ms="873" started-at="2018-04-17T17:06:56Z" finished-at="2018-04-17T17:06:56Z">
          <reporter-output>
          </reporter-output>
        </test-method> <!-- tearDown -->
        <test-method status="PASS" signature="setup()[pri:0, instance:com.SB.qa.testcases.DashboardpageTest@6093dd95]" name="setup" is-config="true" duration-ms="22060" started-at="2018-04-17T17:06:56Z" finished-at="2018-04-17T17:07:18Z">
          <reporter-output>
          </reporter-output>
        </test-method> <!-- setup -->
        <test-method status="PASS" signature="AddingTWtprofileTest()[pri:5, instance:com.SB.qa.testcases.DashboardpageTest@6093dd95]" name="AddingTWtprofileTest" duration-ms="55339" started-at="2018-04-17T17:07:18Z" finished-at="2018-04-17T17:08:14Z">
          <reporter-output>
          </reporter-output>
        </test-method> <!-- AddingTWtprofileTest -->
        <test-method status="PASS" signature="tearDown()[pri:0, instance:com.SB.qa.testcases.DashboardpageTest@6093dd95]" name="tearDown" is-config="true" duration-ms="720" started-at="2018-04-17T17:08:14Z" finished-at="2018-04-17T17:08:15Z">
          <reporter-output>
          </reporter-output>
        </test-method> <!-- tearDown -->
        <test-method status="PASS" signature="setup()[pri:0, instance:com.SB.qa.testcases.DashboardpageTest@6093dd95]" name="setup" is-config="true" duration-ms="19524" started-at="2018-04-17T17:08:15Z" finished-at="2018-04-17T17:08:34Z">
          <reporter-output>
          </reporter-output>
        </test-method> <!-- setup -->
        <test-method status="PASS" signature="AddingGplusprofileTest()[pri:6, instance:com.SB.qa.testcases.DashboardpageTest@6093dd95]" name="AddingGplusprofileTest" duration-ms="98141" started-at="2018-04-17T17:08:34Z" finished-at="2018-04-17T17:10:12Z">
          <reporter-output>
          </reporter-output>
        </test-method> <!-- AddingGplusprofileTest -->
        <test-method status="PASS" signature="tearDown()[pri:0, instance:com.SB.qa.testcases.DashboardpageTest@6093dd95]" name="tearDown" is-config="true" duration-ms="656" started-at="2018-04-17T17:10:12Z" finished-at="2018-04-17T17:10:13Z">
          <reporter-output>
          </reporter-output>
        </test-method> <!-- tearDown -->
        <test-method status="PASS" signature="setup()[pri:0, instance:com.SB.qa.testcases.DashboardpageTest@6093dd95]" name="setup" is-config="true" duration-ms="17549" started-at="2018-04-17T17:10:13Z" finished-at="2018-04-17T17:10:30Z">
          <reporter-output>
          </reporter-output>
        </test-method> <!-- setup -->
        <test-method status="FAIL" signature="AddingInstaprofileTest()[pri:7, instance:com.SB.qa.testcases.DashboardpageTest@6093dd95]" name="AddingInstaprofileTest" duration-ms="38422" started-at="2018-04-17T17:10:30Z" finished-at="2018-04-17T17:11:09Z">
          <exception class="java.lang.AssertionError">
            <message>
              <![CDATA[expected [Socioboard] but found [Log in — Instagram]]]>
            </message>
            <full-stacktrace>
              <![CDATA[java.lang.AssertionError: expected [Socioboard] but found [Log in — Instagram]at org.testng.Assert.fail(Assert.java:96)at org.testng.Assert.failNotEquals(Assert.java:776)at org.testng.Assert.assertEqualsImpl(Assert.java:137)at org.testng.Assert.assertEquals(Assert.java:118)at org.testng.Assert.assertEquals(Assert.java:453)at org.testng.Assert.assertEquals(Assert.java:463)at com.SB.qa.testcases.DashboardpageTest.AddingInstaprofileTest(DashboardpageTest.java:77)at sun.reflect.NativeMethodAccessorImpl.invoke0(Native Method)at sun.reflect.NativeMethodAccessorImpl.invoke(Unknown Source)at sun.reflect.DelegatingMethodAccessorImpl.invoke(Unknown Source)at java.lang.reflect.Method.invoke(Unknown Source)at org.testng.internal.MethodInvocationHelper.invokeMethod(MethodInvocationHelper.java:124)at org.testng.internal.Invoker.invokeMethod(Invoker.java:571)at org.testng.internal.Invoker.invokeTestMethod(Invoker.java:707)at org.testng.internal.Invoker.invokeTestMethods(Invoker.java:979)at org.testng.internal.TestMethodWorker.invokeTestMethods(TestMethodWorker.java:125)at org.testng.internal.TestMethodWorker.run(TestMethodWorker.java:109)at org.testng.TestRunner.privateRun(TestRunner.java:648)at org.testng.TestRunner.run(TestRunner.java:505)at org.testng.SuiteRunner.runTest(SuiteRunner.java:455)at org.testng.SuiteRunner.runSequentially(SuiteRunner.java:450)at org.testng.SuiteRunner.privateRun(SuiteRunner.java:415)at org.testng.SuiteRunner.run(SuiteRunner.java:364)at org.testng.SuiteRunnerWorker.runSuite(SuiteRunnerWorker.java:52)at org.testng.SuiteRunnerWorker.run(SuiteRunnerWorker.java:84)at org.testng.TestNG.runSuitesSequentially(TestNG.java:1187)at org.testng.TestNG.runSuitesLocally(TestNG.java:1116)at org.testng.TestNG.runSuites(TestNG.java:1028)at org.testng.TestNG.run(TestNG.java:996)at org.testng.remote.AbstractRemoteTestNG.run(AbstractRemoteTestNG.java:114)at org.testng.remote.RemoteTestNG.initAndRun(RemoteTestNG.java:251)at org.testng.remote.RemoteTestNG.main(RemoteTestNG.java:77)]]>
            </full-stacktrace>
          </exception> <!-- java.lang.AssertionError -->
          <reporter-output>
          </reporter-output>
        </test-method> <!-- AddingInstaprofileTest -->
        <test-method status="PASS" signature="tearDown()[pri:0, instance:com.SB.qa.testcases.DashboardpageTest@6093dd95]" name="tearDown" is-config="true" duration-ms="810" started-at="2018-04-17T17:11:09Z" finished-at="2018-04-17T17:11:10Z">
          <reporter-output>
          </reporter-output>
        </test-method> <!-- tearDown -->
        <test-method status="PASS" signature="setup()[pri:0, instance:com.SB.qa.testcases.DashboardpageTest@6093dd95]" name="setup" is-config="true" duration-ms="17162" started-at="2018-04-17T17:11:10Z" finished-at="2018-04-17T17:11:27Z">
          <reporter-output>
          </reporter-output>
        </test-method> <!-- setup -->
        <test-method status="PASS" signature="AddingLinkedinprofileTest()[pri:8, instance:com.SB.qa.testcases.DashboardpageTest@6093dd95]" name="AddingLinkedinprofileTest" duration-ms="78263" started-at="2018-04-17T17:11:27Z" finished-at="2018-04-17T17:12:45Z">
          <reporter-output>
          </reporter-output>
        </test-method> <!-- AddingLinkedinprofileTest -->
        <test-method status="PASS" signature="tearDown()[pri:0, instance:com.SB.qa.testcases.DashboardpageTest@6093dd95]" name="tearDown" is-config="true" duration-ms="5346" started-at="2018-04-17T17:12:45Z" finished-at="2018-04-17T17:12:50Z">
          <reporter-output>
          </reporter-output>
        </test-method> <!-- tearDown -->
        <test-method status="PASS" signature="setup()[pri:0, instance:com.SB.qa.testcases.DashboardpageTest@6093dd95]" name="setup" is-config="true" duration-ms="30570" started-at="2018-04-17T17:12:50Z" finished-at="2018-04-17T17:13:21Z">
          <reporter-output>
          </reporter-output>
        </test-method> <!-- setup -->
        <test-method status="FAIL" signature="AddingYouTubechannelTest()[pri:9, instance:com.SB.qa.testcases.DashboardpageTest@6093dd95]" name="AddingYouTubechannelTest" duration-ms="47617" started-at="2018-04-17T17:13:21Z" finished-at="2018-04-17T17:14:09Z">
          <exception class="org.openqa.selenium.ElementNotVisibleException">
            <message>
              <![CDATA[element not visible  (Session info: chrome=65.0.3325.181)  (Driver info: chromedriver=2.36.540470 (e522d04694c7ebea4ba8821272dbef4f9b818c91),platform=Windows NT 6.1.7601 SP1 x86_64) (WARNING: The server did not provide any stacktrace information)Command duration or timeout: 0 millisecondsBuild info: version: '3.8.1', revision: '6e95a6684b', time: '2017-12-01T18:33:54.468Z'System info: host: 'GLB-BAN-438-PC', ip: '192.168.1.23', os.name: 'Windows 7', os.arch: 'amd64', os.version: '6.1', java.version: '1.8.0_121'Driver info: org.openqa.selenium.chrome.ChromeDriverCapabilities {acceptInsecureCerts: false, acceptSslCerts: false, applicationCacheEnabled: false, browserConnectionEnabled: false, browserName: chrome, chrome: {chromedriverVersion: 2.36.540470 (e522d04694c7eb..., userDataDir: C:\Users\GLB-150\AppData\Lo...}, cssSelectorsEnabled: true, databaseEnabled: false, handlesAlerts: true, hasTouchScreen: false, javascriptEnabled: true, locationContextEnabled: true, mobileEmulationEnabled: false, nativeEvents: true, networkConnectionEnabled: false, pageLoadStrategy: normal, platform: XP, platformName: XP, rotatable: false, setWindowRect: true, takesHeapSnapshot: true, takesScreenshot: true, unexpectedAlertBehaviour: , unhandledPromptBehavior: , version: 65.0.3325.181, webStorageEnabled: true}Session ID: 5a9c37190353711c43d599ed13635258]]>
            </message>
            <full-stacktrace>
              <![CDATA[org.openqa.selenium.ElementNotVisibleException: element not visible  (Session info: chrome=65.0.3325.181)  (Driver info: chromedriver=2.36.540470 (e522d04694c7ebea4ba8821272dbef4f9b818c91),platform=Windows NT 6.1.7601 SP1 x86_64) (WARNING: The server did not provide any stacktrace information)Command duration or timeout: 0 millisecondsBuild info: version: '3.8.1', revision: '6e95a6684b', time: '2017-12-01T18:33:54.468Z'System info: host: 'GLB-BAN-438-PC', ip: '192.168.1.23', os.name: 'Windows 7', os.arch: 'amd64', os.version: '6.1', java.version: '1.8.0_121'Driver info: org.openqa.selenium.chrome.ChromeDriverCapabilities {acceptInsecureCerts: false, acceptSslCerts: false, applicationCacheEnabled: false, browserConnectionEnabled: false, browserName: chrome, chrome: {chromedriverVersion: 2.36.540470 (e522d04694c7eb..., userDataDir: C:\Users\GLB-150\AppData\Lo...}, cssSelectorsEnabled: true, databaseEnabled: false, handlesAlerts: true, hasTouchScreen: false, javascriptEnabled: true, locationContextEnabled: true, mobileEmulationEnabled: false, nativeEvents: true, networkConnectionEnabled: false, pageLoadStrategy: normal, platform: XP, platformName: XP, rotatable: false, setWindowRect: true, takesHeapSnapshot: true, takesScreenshot: true, unexpectedAlertBehaviour: , unhandledPromptBehavior: , version: 65.0.3325.181, webStorageEnabled: true}Session ID: 5a9c37190353711c43d599ed13635258at sun.reflect.NativeConstructorAccessorImpl.newInstance0(Native Method)at sun.reflect.NativeConstructorAccessorImpl.newInstance(Unknown Source)at sun.reflect.DelegatingConstructorAccessorImpl.newInstance(Unknown Source)at java.lang.reflect.Constructor.newInstance(Unknown Source)at org.openqa.selenium.remote.ErrorHandler.createThrowable(ErrorHandler.java:214)at org.openqa.selenium.remote.ErrorHandler.throwIfResponseFailed(ErrorHandler.java:166)at org.openqa.selenium.remote.http.JsonHttpResponseCodec.reconstructValue(JsonHttpResponseCodec.java:40)at org.openqa.selenium.remote.http.AbstractHttpResponseCodec.decode(AbstractHttpResponseCodec.java:80)at org.openqa.selenium.remote.http.AbstractHttpResponseCodec.decode(AbstractHttpResponseCodec.java:44)at org.openqa.selenium.remote.HttpCommandExecutor.execute(HttpCommandExecutor.java:164)at org.openqa.selenium.remote.service.DriverCommandExecutor.execute(DriverCommandExecutor.java:83)at org.openqa.selenium.remote.RemoteWebDriver.execute(RemoteWebDriver.java:601)at org.openqa.selenium.remote.RemoteWebElement.execute(RemoteWebElement.java:279)at org.openqa.selenium.remote.RemoteWebElement.click(RemoteWebElement.java:83)at sun.reflect.GeneratedMethodAccessor1.invoke(Unknown Source)at sun.reflect.DelegatingMethodAccessorImpl.invoke(Unknown Source)at java.lang.reflect.Method.invoke(Unknown Source)at org.openqa.selenium.support.pagefactory.internal.LocatingElementHandler.invoke(LocatingElementHandler.java:51)at com.sun.proxy.$Proxy9.click(Unknown Source)at com.SB.qa.pages.Dashboardpage.AddingYouTubechannel(Dashboardpage.java:266)at com.SB.qa.testcases.DashboardpageTest.AddingYouTubechannelTest(DashboardpageTest.java:89)at sun.reflect.NativeMethodAccessorImpl.invoke0(Native Method)at sun.reflect.NativeMethodAccessorImpl.invoke(Unknown Source)at sun.reflect.DelegatingMethodAccessorImpl.invoke(Unknown Source)at java.lang.reflect.Method.invoke(Unknown Source)at org.testng.internal.MethodInvocationHelper.invokeMethod(MethodInvocationHelper.java:124)at org.testng.internal.Invoker.invokeMethod(Invoker.java:571)at org.testng.internal.Invoker.invokeTestMethod(Invoker.java:707)at org.testng.internal.Invoker.invokeTestMethods(Invoker.java:979)at org.testng.internal.TestMethodWorker.invokeTestMethods(TestMethodWorker.java:125)at org.testng.internal.TestMethodWorker.run(TestMethodWorker.java:109)at org.testng.TestRunner.privateRun(TestRunner.java:648)at org.testng.TestRunner.run(TestRunner.java:505)at org.testng.SuiteRunner.runTest(SuiteRunner.java:455)at org.testng.SuiteRunner.runSequentially(SuiteRunner.java:450)at org.testng.SuiteRunner.privateRun(SuiteRunner.java:415)at org.testng.SuiteRunner.run(SuiteRunner.java:364)at org.testng.SuiteRunnerWorker.runSuite(SuiteRunnerWorker.java:52)at org.testng.SuiteRunnerWorker.run(SuiteRunnerWorker.java:84)at org.testng.TestNG.runSuitesSequentially(TestNG.java:1187)at org.testng.TestNG.runSuitesLocally(TestNG.java:1116)at org.testng.TestNG.runSuites(TestNG.java:1028)at org.testng.TestNG.run(TestNG.java:996)at org.testng.remote.AbstractRemoteTestNG.run(AbstractRemoteTestNG.java:114)at org.testng.remote.RemoteTestNG.initAndRun(RemoteTestNG.java:251)at org.testng.remote.RemoteTestNG.main(RemoteTestNG.java:77)]]>
            </full-stacktrace>
          </exception> <!-- org.openqa.selenium.ElementNotVisibleException -->
          <reporter-output>
          </reporter-output>
        </test-method> <!-- AddingYouTubechannelTest -->
        <test-method status="PASS" signature="tearDown()[pri:0, instance:com.SB.qa.testcases.DashboardpageTest@6093dd95]" name="tearDown" is-config="true" duration-ms="661" started-at="2018-04-17T17:14:09Z" finished-at="2018-04-17T17:14:09Z">
          <reporter-output>
          </reporter-output>
        </test-method> <!-- tearDown -->
      </class> <!-- com.SB.qa.testcases.DashboardpageTest -->
    </test> <!-- Default test -->
  </suite> <!-- Default suite -->
</testng-results>
